<?xml version="1.0" encoding="UTF-8"?>
<testng-results ignored="0" total="3" passed="3" failed="0" skipped="0">
  <reporter-output>
  </reporter-output>
  <suite started-at="2024-02-25T20:18:21 IST" name="Default suite" finished-at="2024-02-25T20:19:54 IST" duration-ms="92331">
    <groups>
      <group name="cucumber">
        <method signature="AbstractTestNGCucumberTests.runScenario(io.cucumber.testng.PickleWrapper,io.cucumber.testng.FeatureWrapper)[pri:0, instance:TestRunner.TestRunner@4201c465]" name="runScenario" class="io.cucumber.testng.AbstractTestNGCucumberTests"/>
      </group> <!-- cucumber -->
    </groups>
    <test started-at="2024-02-25T20:18:21 IST" name="Default test" finished-at="2024-02-25T20:19:54 IST" duration-ms="92331">
      <class name="TestRunner.TestRunner">
        <test-method is-config="true" signature="setUpClass(org.testng.ITestContext)[pri:0, instance:TestRunner.TestRunner@4201c465]" started-at="2024-02-25T20:18:21 IST" name="setUpClass" finished-at="2024-02-25T20:18:40 IST" duration-ms="18875" status="PASS">
          <params>
            <param index="0">
              <value>
                <![CDATA[org.testng.TestRunner@35e75f7a]]>
              </value>
            </param>
          </params>
          <reporter-output>
          </reporter-output>
        </test-method> <!-- setUpClass -->
        <test-method signature="runScenario(io.cucumber.testng.PickleWrapper,io.cucumber.testng.FeatureWrapper)[pri:0, instance:TestRunner.TestRunner@4201c465]" started-at="2024-02-25T20:18:40 IST" name="runScenario" description="Runs Cucumber Scenarios" data-provider="scenarios" finished-at="2024-02-25T20:19:23 IST" duration-ms="42264" status="PASS">
          <params>
            <param index="0">
              <value>
                <![CDATA["Display upcoming bikes details for Honda with price less than four Lakhs"]]>
              </value>
            </param>
            <param index="1">
              <value>
                <![CDATA["Zig Wheels"]]>
              </value>
            </param>
          </params>
          <reporter-output>
          </reporter-output>
        </test-method> <!-- runScenario -->
        <test-method signature="runScenario(io.cucumber.testng.PickleWrapper,io.cucumber.testng.FeatureWrapper)[pri:0, instance:TestRunner.TestRunner@4201c465]" started-at="2024-02-25T20:19:23 IST" name="runScenario" description="Runs Cucumber Scenarios" data-provider="scenarios" finished-at="2024-02-25T20:19:36 IST" duration-ms="12986" status="PASS">
          <params>
            <param index="0">
              <value>
                <![CDATA["Displaying popular models for used  cars in chennai"]]>
              </value>
            </param>
            <param index="1">
              <value>
                <![CDATA["Zig Wheels"]]>
              </value>
            </param>
          </params>
          <reporter-output>
          </reporter-output>
        </test-method> <!-- runScenario -->
        <test-method signature="runScenario(io.cucumber.testng.PickleWrapper,io.cucumber.testng.FeatureWrapper)[pri:0, instance:TestRunner.TestRunner@4201c465]" started-at="2024-02-25T20:19:36 IST" name="runScenario" description="Runs Cucumber Scenarios" data-provider="scenarios" finished-at="2024-02-25T20:19:54 IST" duration-ms="17867" status="PASS">
          <params>
            <param index="0">
              <value>
                <![CDATA["Account Validation with invalid Username"]]>
              </value>
            </param>
            <param index="1">
              <value>
                <![CDATA["Zig Wheels"]]>
              </value>
            </param>
          </params>
          <reporter-output>
          </reporter-output>
        </test-method> <!-- runScenario -->
        <test-method is-config="true" signature="tearDownClass()[pri:0, instance:TestRunner.TestRunner@4201c465]" started-at="2024-02-25T20:19:54 IST" name="tearDownClass" finished-at="2024-02-25T20:19:54 IST" duration-ms="53" status="PASS">
          <reporter-output>
          </reporter-output>
        </test-method> <!-- tearDownClass -->
      </class> <!-- TestRunner.TestRunner -->
    </test> <!-- Default test -->
  </suite> <!-- Default suite -->
</testng-results>
