<?xml version="1.0" encoding="UTF-8"?>
<testng-results ignored="0" total="3" passed="3" failed="0" skipped="0">
  <reporter-output>
  </reporter-output>
  <suite started-at="2024-02-27T22:21:32 IST" name="Default suite" finished-at="2024-02-27T22:23:20 IST" duration-ms="108678">
    <groups>
      <group name="cucumber">
        <method signature="AbstractTestNGCucumberTests.runScenario(io.cucumber.testng.PickleWrapper,io.cucumber.testng.FeatureWrapper)[pri:0, instance:com.zigwheels.TestRunner.TestRunner@5f8e8a9d]" name="runScenario" class="io.cucumber.testng.AbstractTestNGCucumberTests"/>
      </group> <!-- cucumber -->
    </groups>
    <test started-at="2024-02-27T22:21:32 IST" name="Default test" finished-at="2024-02-27T22:23:20 IST" duration-ms="108678">
      <class name="com.zigwheels.TestRunner.TestRunner">
        <test-method is-config="true" signature="setUpClass(org.testng.ITestContext)[pri:0, instance:com.zigwheels.TestRunner.TestRunner@5f8e8a9d]" started-at="2024-02-27T22:21:32 IST" name="setUpClass" finished-at="2024-02-27T22:21:55 IST" duration-ms="23375" status="PASS">
          <params>
            <param index="0">
              <value>
                <![CDATA[org.testng.TestRunner@6f1163f7]]>
              </value>
            </param>
          </params>
          <reporter-output>
          </reporter-output>
        </test-method> <!-- setUpClass -->
        <test-method signature="runScenario(io.cucumber.testng.PickleWrapper,io.cucumber.testng.FeatureWrapper)[pri:0, instance:com.zigwheels.TestRunner.TestRunner@5f8e8a9d]" started-at="2024-02-27T22:21:55 IST" name="runScenario" description="Runs Cucumber Scenarios" data-provider="scenarios" finished-at="2024-02-27T22:22:29 IST" duration-ms="33365" status="PASS">
          <params>
            <param index="0">
              <value>
                <![CDATA["Display upcoming bikes details for Honda with price less than four Lakhs"]]>
              </value>
            </param>
            <param index="1">
              <value>
                <![CDATA["Zig Wheels"]]>
              </value>
            </param>
          </params>
          <reporter-output>
          </reporter-output>
        </test-method> <!-- runScenario -->
        <test-method signature="runScenario(io.cucumber.testng.PickleWrapper,io.cucumber.testng.FeatureWrapper)[pri:0, instance:com.zigwheels.TestRunner.TestRunner@5f8e8a9d]" started-at="2024-02-27T22:22:29 IST" name="runScenario" description="Runs Cucumber Scenarios" data-provider="scenarios" finished-at="2024-02-27T22:22:40 IST" duration-ms="10992" status="PASS">
          <params>
            <param index="0">
              <value>
                <![CDATA["Displaying popular models for used  cars in chennai"]]>
              </value>
            </param>
            <param index="1">
              <value>
                <![CDATA["Zig Wheels"]]>
              </value>
            </param>
          </params>
          <reporter-output>
          </reporter-output>
        </test-method> <!-- runScenario -->
        <test-method signature="runScenario(io.cucumber.testng.PickleWrapper,io.cucumber.testng.FeatureWrapper)[pri:0, instance:com.zigwheels.TestRunner.TestRunner@5f8e8a9d]" started-at="2024-02-27T22:22:40 IST" name="runScenario" description="Runs Cucumber Scenarios" data-provider="scenarios" finished-at="2024-02-27T22:23:11 IST" duration-ms="31389" status="PASS">
          <params>
            <param index="0">
              <value>
                <![CDATA["Account Validation with invalid Username"]]>
              </value>
            </param>
            <param index="1">
              <value>
                <![CDATA["Zig Wheels"]]>
              </value>
            </param>
          </params>
          <reporter-output>
          </reporter-output>
        </test-method> <!-- runScenario -->
        <test-method is-config="true" signature="tearDownClass()[pri:0, instance:com.zigwheels.TestRunner.TestRunner@5f8e8a9d]" started-at="2024-02-27T22:23:11 IST" name="tearDownClass" finished-at="2024-02-27T22:23:20 IST" duration-ms="9279" status="PASS">
          <reporter-output>
          </reporter-output>
        </test-method> <!-- tearDownClass -->
      </class> <!-- com.zigwheels.TestRunner.TestRunner -->
    </test> <!-- Default test -->
  </suite> <!-- Default suite -->
</testng-results>
